\BOOKMARK [0][-]{chapter.1}{Introduction}{}% 1
\BOOKMARK [0][-]{chapter.2}{Preparation}{}% 2
\BOOKMARK [1][-]{section.2.1}{CRDTs}{chapter.2}% 3
\BOOKMARK [2][-]{subsection.2.1.1}{Tombstoning\040Approach}{section.2.1}% 4
\BOOKMARK [2][-]{subsection.2.1.2}{Variable-size\040Identifier\040Approach}{section.2.1}% 5
\BOOKMARK [1][-]{section.2.2}{Tor}{chapter.2}% 6
\BOOKMARK [2][-]{subsection.2.2.1}{Onion\040routing}{section.2.2}% 7
\BOOKMARK [2][-]{subsection.2.2.2}{Hidden\040Services}{section.2.2}% 8
\BOOKMARK [2][-]{subsection.2.2.3}{Basic\040Authentication}{section.2.2}% 9
\BOOKMARK [0][-]{chapter.3}{Implementation}{}% 10
\BOOKMARK [1][-]{section.3.1}{CRDT\040Ordered\040List\040Library}{chapter.3}% 11
\BOOKMARK [2][-]{subsection.3.1.1}{Tombstoning}{section.3.1}% 12
\BOOKMARK [2][-]{subsection.3.1.2}{Variable-size\040Identifiers}{section.3.1}% 13
\BOOKMARK [2][-]{subsection.3.1.3}{Undo/Redo}{section.3.1}% 14
\BOOKMARK [1][-]{section.3.2}{Client-server\040Architecture}{chapter.3}% 15
\BOOKMARK [1][-]{section.3.3}{P2P\040Architecture}{chapter.3}% 16
\BOOKMARK [1][-]{section.3.4}{GUI\040Application}{chapter.3}% 17
\BOOKMARK [1][-]{section.3.5}{Encryption}{chapter.3}% 18
\BOOKMARK [1][-]{section.3.6}{Tor}{chapter.3}% 19
\BOOKMARK [2][-]{subsection.3.6.1}{Basic\040Authentication}{section.3.6}% 20
\BOOKMARK [0][-]{chapter.4}{Evaluation}{}% 21
\BOOKMARK [1][-]{section.4.1}{Core\040Library}{chapter.4}% 22
\BOOKMARK [2][-]{subsection.4.1.1}{Unit\040tests\040\(for\040concurrent\040scenarios\)}{section.4.1}% 23
\BOOKMARK [2][-]{subsection.4.1.2}{CRDT\040Operation\040Latency\040\(How\040long\040different\040operations\040take\040vs\040the\040current\040size\040of\040the\040list\)}{section.4.1}% 24
\BOOKMARK [2][-]{subsection.4.1.3}{Memory\040usage\040\(overhead\040of\040tombstoning\040vs\040variable-size\040identifiers\040on\040editing\040different\040Wikipedia\040pages\)}{section.4.1}% 25
\BOOKMARK [2][-]{subsection.4.1.4}{Undo\040correctness\040\(proof\)}{section.4.1}% 26
\BOOKMARK [1][-]{section.4.2}{Networking}{chapter.4}% 27
\BOOKMARK [2][-]{subsection.4.2.1}{Network\040Latency\040\(show\040latency\040profiles\040of\040different\040Tor\040circuit\040setups\)}{section.4.2}% 28
\BOOKMARK [2][-]{subsection.4.2.2}{Security\040\(show\040MITM\040attack\040possible\)}{section.4.2}% 29
\BOOKMARK [2][-]{subsection.4.2.3}{Reliability\040\(tbd\)}{section.4.2}% 30
\BOOKMARK [0][-]{chapter.5}{Conclusions}{}% 31
